  contacts.c
f:\dropbox\seneca college\semester 1\ipc\a1\assignment1 ipc\contacts.c(57): warning C4477: 'scanf' : format string '%d' requires an argument of type 'int *', but variadic argument 1 has type 'int'
f:\dropbox\seneca college\semester 1\ipc\a1\assignment1 ipc\contacts.c(65): warning C4477: 'scanf' : format string '%d' requires an argument of type 'int *', but variadic argument 1 has type 'int'
  a1ms4.c
f:\dropbox\seneca college\semester 1\ipc\a1\assignment1 ipc\contacts.c(57): warning C4477: 'scanf' : format string '%d' requires an argument of type 'int *', but variadic argument 1 has type 'int'
f:\dropbox\seneca college\semester 1\ipc\a1\assignment1 ipc\contacts.c(65): warning C4477: 'scanf' : format string '%d' requires an argument of type 'int *', but variadic argument 1 has type 'int'
f:\dropbox\seneca college\semester 1\ipc\a1\assignment1 ipc\a1ms4.c(51): warning C4477: 'printf' : format string '%30s' requires an argument of type 'char *', but variadic argument 1 has type 'Name'
f:\dropbox\seneca college\semester 1\ipc\a1\assignment1 ipc\a1ms4.c(53): warning C4477: 'printf' : format string '%s' requires an argument of type 'char *', but variadic argument 1 has type 'Name'
f:\dropbox\seneca college\semester 1\ipc\a1\assignment1 ipc\a1ms4.c(58): warning C4477: 'printf' : format string '%d' requires an argument of type 'int', but variadic argument 1 has type 'Address'
f:\dropbox\seneca college\semester 1\ipc\a1\assignment1 ipc\a1ms4.c(59): warning C4477: 'printf' : format string '%s' requires an argument of type 'char *', but variadic argument 1 has type 'Address'
f:\dropbox\seneca college\semester 1\ipc\a1\assignment1 ipc\a1ms4.c(61): warning C4477: 'printf' : format string '%d' requires an argument of type 'int', but variadic argument 1 has type 'Address'
f:\dropbox\seneca college\semester 1\ipc\a1\assignment1 ipc\a1ms4.c(63): warning C4477: 'printf' : format string '%s' requires an argument of type 'char *', but variadic argument 1 has type 'Address'
f:\dropbox\seneca college\semester 1\ipc\a1\assignment1 ipc\a1ms4.c(68): warning C4477: 'printf' : format string '%s' requires an argument of type 'char *', but variadic argument 1 has type 'Numbers'
f:\dropbox\seneca college\semester 1\ipc\a1\assignment1 ipc\a1ms4.c(71): warning C4477: 'printf' : format string '%s' requires an argument of type 'char *', but variadic argument 1 has type 'Numbers'
f:\dropbox\seneca college\semester 1\ipc\a1\assignment1 ipc\a1ms4.c(74): warning C4477: 'printf' : format string '%s' requires an argument of type 'char *', but variadic argument 1 has type 'Numbers'
  a1ms2.c
  Generating Code...
a1ms4.obj : error LNK2005: _main already defined in a1ms2.obj
contacts.obj : error LNK2005: _getAddress already defined in a1ms4.obj
contacts.obj : error LNK2005: _getName already defined in a1ms4.obj
contacts.obj : error LNK2005: _getNumbers already defined in a1ms4.obj
F:\Dropbox\SENECA COLLEGE\Semester 1\IPC\A1\Debug\assignment1 ipc.exe : fatal error LNK1169: one or more multiply defined symbols found
